# JRE version: Java(TM) SE Runtime Environment (8.0_45-b14) (build 1.8.0_45-b14)
# Java VM: Java HotSpot(TM) 64-Bit Server VM (25.45-b02 mixed mode linux-amd64 compressed oops)
Heap:
 PSYoungGen      total 262144K, used 200492K [0x0000000786d80000, 0x000000079c280000, 0x00000007c0000000)
  eden space 244224K, 82% used [0x0000000786d80000,0x000000079314b160,0x0000000795c00000)
  from space 17920K, 0% used [0x0000000795c00000,0x0000000795c00000,0x0000000796d80000)
  to   space 17920K, 0% used [0x000000079b100000,0x000000079b100000,0x000000079c280000)
 ParOldGen       total 154624K, used 22610K [0x0000000714800000, 0x000000071df00000, 0x0000000786d80000)
  object space 154624K, 14% used [0x0000000714800000,0x0000000715e14b98,0x000000071df00000)
 Metaspace       used 61180K, capacity 65268K, committed 65368K, reserved 1105920K
  class space    used 8509K, capacity 9210K, committed 9304K, reserved 1048576K
GC Heap History (10 events):
Event: 3,823 GC heap before
{Heap before GC invocations=10 (full 2):
 PSYoungGen      total 209920K, used 11255K [0x0000000786d80000, 0x0000000797800000, 0x00000007c0000000)
  eden space 198656K, 0% used [0x0000000786d80000,0x0000000786d80000,0x0000000792f80000)
  from space 11264K, 99% used [0x0000000793d00000,0x00000007947fdcb0,0x0000000794800000)
  to   space 13824K, 0% used [0x0000000792f80000,0x0000000792f80000,0x0000000793d00000)
 ParOldGen       total 70144K, used 10681K [0x0000000714800000, 0x0000000718c80000, 0x0000000786d80000)
  object space 70144K, 15% used [0x0000000714800000,0x000000071526e4a8,0x0000000718c80000)
 Metaspace       used 33189K, capacity 35354K, committed 35456K, reserved 1079296K
  class space    used 4521K, capacity 4930K, committed 4992K, reserved 1048576K
Event: 3,894 GC heap after
Heap after GC invocations=10 (full 2):
 PSYoungGen      total 209920K, used 0K [0x0000000786d80000, 0x0000000797800000, 0x00000007c0000000)
  eden space 198656K, 0% used [0x0000000786d80000,0x0000000786d80000,0x0000000792f80000)
  from space 11264K, 0% used [0x0000000793d00000,0x0000000793d00000,0x0000000794800000)
  to   space 13824K, 0% used [0x0000000792f80000,0x0000000792f80000,0x0000000793d00000)
 ParOldGen       total 118272K, used 17891K [0x0000000714800000, 0x000000071bb80000, 0x0000000786d80000)
  object space 118272K, 15% used [0x0000000714800000,0x0000000715978fe8,0x000000071bb80000)
 Metaspace       used 33189K, capacity 35354K, committed 35456K, reserved 1079296K
  class space    used 4521K, capacity 4930K, committed 4992K, reserved 1048576K
}
Event: 5,123 GC heap before
{Heap before GC invocations=11 (full 2):
 PSYoungGen      total 209920K, used 198656K [0x0000000786d80000, 0x0000000797800000, 0x00000007c0000000)
  eden space 198656K, 100% used [0x0000000786d80000,0x0000000792f80000,0x0000000792f80000)
  from space 11264K, 0% used [0x0000000793d00000,0x0000000793d00000,0x0000000794800000)
  to   space 13824K, 0% used [0x0000000792f80000,0x0000000792f80000,0x0000000793d00000)
 ParOldGen       total 118272K, used 17891K [0x0000000714800000, 0x000000071bb80000, 0x0000000786d80000)
  object space 118272K, 15% used [0x0000000714800000,0x0000000715978fe8,0x000000071bb80000)
 Metaspace       used 45351K, capacity 47806K, committed 47872K, reserved 1091584K
  class space    used 6180K, capacity 6638K, committed 6656K, reserved 1048576K
Event: 5,138 GC heap after
Heap after GC invocations=11 (full 2):
 PSYoungGen      total 212480K, used 12767K [0x0000000786d80000, 0x0000000797d80000, 0x00000007c0000000)
  eden space 198656K, 0% used [0x0000000786d80000,0x0000000786d80000,0x0000000792f80000)
  from space 13824K, 92% used [0x0000000792f80000,0x0000000793bf7ff8,0x0000000793d00000)
  to   space 15360K, 0% used [0x0000000796e80000,0x0000000796e80000,0x0000000797d80000)
 ParOldGen       total 118272K, used 17899K [0x0000000714800000, 0x000000071bb80000, 0x0000000786d80000)
  object space 118272K, 15% used [0x0000000714800000,0x000000071597afe8,0x000000071bb80000)
 Metaspace       used 45351K, capacity 47806K, committed 47872K, reserved 1091584K
  class space    used 6180K, capacity 6638K, committed 6656K, reserved 1048576K
}
Event: 6,416 GC heap before
{Heap before GC invocations=12 (full 2):
 PSYoungGen      total 212480K, used 211423K [0x0000000786d80000, 0x0000000797d80000, 0x00000007c0000000)
  eden space 198656K, 100% used [0x0000000786d80000,0x0000000792f80000,0x0000000792f80000)
  from space 13824K, 92% used [0x0000000792f80000,0x0000000793bf7ff8,0x0000000793d00000)
  to   space 15360K, 0% used [0x0000000796e80000,0x0000000796e80000,0x0000000797d80000)
 ParOldGen       total 118272K, used 17899K [0x0000000714800000, 0x000000071bb80000, 0x0000000786d80000)
  object space 118272K, 15% used [0x0000000714800000,0x000000071597afe8,0x000000071bb80000)
 Metaspace       used 54963K, capacity 58480K, committed 58752K, reserved 1099776K
  class space    used 7642K, capacity 8248K, committed 8320K, reserved 1048576K
Event: 6,435 GC heap after
Heap after GC invocations=12 (full 2):
 PSYoungGen      total 259584K, used 15351K [0x0000000786d80000, 0x0000000797f00000, 0x00000007c0000000)
  eden space 244224K, 0% used [0x0000000786d80000,0x0000000786d80000,0x0000000795c00000)
  from space 15360K, 99% used [0x0000000796e80000,0x0000000797d7dd00,0x0000000797d80000)
  to   space 17920K, 0% used [0x0000000795c00000,0x0000000795c00000,0x0000000796d80000)
 ParOldGen       total 118272K, used 19283K [0x0000000714800000, 0x000000071bb80000, 0x0000000786d80000)
  object space 118272K, 16% used [0x0000000714800000,0x0000000715ad4d18,0x000000071bb80000)
 Metaspace       used 54963K, capacity 58480K, committed 58752K, reserved 1099776K
  class space    used 7642K, capacity 8248K, committed 8320K, reserved 1048576K
}
Event: 6,580 GC heap before
{Heap before GC invocations=13 (full 2):
 PSYoungGen      total 259584K, used 34305K [0x0000000786d80000, 0x0000000797f00000, 0x00000007c0000000)
  eden space 244224K, 7% used [0x0000000786d80000,0x0000000788002918,0x0000000795c00000)
  from space 15360K, 99% used [0x0000000796e80000,0x0000000797d7dd00,0x0000000797d80000)
  to   space 17920K, 0% used [0x0000000795c00000,0x0000000795c00000,0x0000000796d80000)
 ParOldGen       total 118272K, used 19283K [0x0000000714800000, 0x000000071bb80000, 0x0000000786d80000)
  object space 118272K, 16% used [0x0000000714800000,0x0000000715ad4d18,0x000000071bb80000)
 Metaspace       used 55481K, capacity 59010K, committed 59096K, reserved 1099776K
  class space    used 7735K, capacity 8349K, committed 8408K, reserved 1048576K
Event: 6,591 GC heap after
Heap after GC invocations=13 (full 2):
 PSYoungGen      total 262144K, used 10168K [0x0000000786d80000, 0x000000079c280000, 0x00000007c0000000)
  eden space 244224K, 0% used [0x0000000786d80000,0x0000000786d80000,0x0000000795c00000)
  from space 17920K, 56% used [0x0000000795c00000,0x00000007965ee070,0x0000000796d80000)
  to   space 17920K, 0% used [0x000000079b100000,0x000000079b100000,0x000000079c280000)
 ParOldGen       total 118272K, used 19291K [0x0000000714800000, 0x000000071bb80000, 0x0000000786d80000)
  object space 118272K, 16% used [0x0000000714800000,0x0000000715ad6d18,0x000000071bb80000)
 Metaspace       used 55481K, capacity 59010K, committed 59096K, reserved 1099776K
  class space    used 7735K, capacity 8349K, committed 8408K, reserved 1048576K
}
Event: 6,591 GC heap before
{Heap before GC invocations=14 (full 3):
 PSYoungGen      total 262144K, used 10168K [0x0000000786d80000, 0x000000079c280000, 0x00000007c0000000)
  eden space 244224K, 0% used [0x0000000786d80000,0x0000000786d80000,0x0000000795c00000)
  from space 17920K, 56% used [0x0000000795c00000,0x00000007965ee070,0x0000000796d80000)
  to   space 17920K, 0% used [0x000000079b100000,0x000000079b100000,0x000000079c280000)
 ParOldGen       total 118272K, used 19291K [0x0000000714800000, 0x000000071bb80000, 0x0000000786d80000)
  object space 118272K, 16% used [0x0000000714800000,0x0000000715ad6d18,0x000000071bb80000)
 Metaspace       used 55481K, capacity 59010K, committed 59096K, reserved 1099776K
  class space    used 7735K, capacity 8349K, committed 8408K, reserved 1048576K
Event: 6,695 GC heap after
Heap after GC invocations=14 (full 3):
 PSYoungGen      total 262144K, used 0K [0x0000000786d80000, 0x000000079c280000, 0x00000007c0000000)
  eden space 244224K, 0% used [0x0000000786d80000,0x0000000786d80000,0x0000000795c00000)
  from space 17920K, 0% used [0x0000000795c00000,0x0000000795c00000,0x0000000796d80000)
  to   space 17920K, 0% used [0x000000079b100000,0x000000079b100000,0x000000079c280000)
 ParOldGen       total 154624K, used 22610K [0x0000000714800000, 0x000000071df00000, 0x0000000786d80000)
  object space 154624K, 14% used [0x0000000714800000,0x0000000715e14b98,0x000000071df00000)
 Metaspace       used 55481K, capacity 59010K, committed 59096K, reserved 1099776K
  class space    used 7735K, capacity 8349K, committed 8408K, reserved 1048576K
}

